<?xml version="1.0" encoding="UTF-8"?>
<!-- Generated by org.testng.reporters.JUnitReportReporter -->
<testsuite hostname="DESKTOP-7TQGVCE" failures="0" tests="1" name="testcases.LoginTestCase" time="9.208" errors="0" timestamp="2023-08-21T15:49:56 CDT" skipped="0">
  <testcase classname="testcases.LoginTestCase" name="verifyLogin" time="9.208"/>
</testsuite> <!-- testcases.LoginTestCase -->
