<?xml version="1.0" encoding="UTF-8"?>
<!-- Generated by org.testng.reporters.JUnitReportReporter -->
<testsuite hostname="DESKTOP-7TQGVCE" failures="0" tests="1" name="testcases.VerifyMenuBar" time="13.393" errors="0" timestamp="2023-08-21T15:50:45 CDT" skipped="0">
  <testcase classname="testcases.VerifyMenuBar" name="MenuBar" time="13.393"/>
</testsuite> <!-- testcases.VerifyMenuBar -->
