<?xml version="1.0" encoding="UTF-8"?>
<!-- Generated by org.testng.reporters.JUnitReportReporter -->
<testsuite hostname="DESKTOP-7TQGVCE" failures="0" tests="1" name="testcases.SignUpTestCases" time="13.199" errors="0" timestamp="2023-08-21T15:49:02 CDT" skipped="0">
  <testcase classname="testcases.SignUpTestCases" name="VerifySignUP" time="13.199"/>
</testsuite> <!-- testcases.SignUpTestCases -->
