<?xml version="1.0" encoding="UTF-8"?>
<!-- Generated by org.testng.reporters.JUnitReportReporter -->
<testsuite hostname="DESKTOP-7TQGVCE" failures="0" tests="1" name="testcases.VerifyAddToCartTestCases" time="12.218" errors="0" timestamp="2023-08-21T15:50:21 CDT" skipped="0">
  <testcase classname="testcases.VerifyAddToCartTestCases" name="Search" time="12.218"/>
</testsuite> <!-- testcases.VerifyAddToCartTestCases -->
